<?xml version="1.0" encoding="UTF-8"?>
<!-- Generated by org.testng.reporters.JUnitReportReporter -->
<testsuite skipped="0" hostname="Sandeep" name="com.qa.hubspot.test.LoginPageTest" tests="5" failures="0" timestamp="16 Oct 2019 10:41:52 GMT" time="70.399" errors="0">
  <testcase name="loginPageTitle" time="14.545" classname="com.qa.hubspot.test.LoginPageTest"/>
  <testcase name="signUpLinkTest" time="13.197" classname="com.qa.hubspot.test.LoginPageTest"/>
  <testcase name="showLinkIsDisplayedTest" time="13.168" classname="com.qa.hubspot.test.LoginPageTest"/>
  <testcase name="forgotLinkIsDisplayedTest" time="15.539" classname="com.qa.hubspot.test.LoginPageTest"/>
  <testcase name="loginTest" time="13.950" classname="com.qa.hubspot.test.LoginPageTest"/>
</testsuite> <!-- com.qa.hubspot.test.LoginPageTest -->
